[Fri, 17 Jan 2020 15:51:27 +0100] Error informacion: :los usaurios ya existen 
[Fri, 17 Jan 2020 15:55:01 +0100] Error informacion: :los usaurios ya existen 
[Fri, 17 Jan 2020 18:46:46 +0100] Error informativo:entra aupdate_event.php
[Fri, 17 Jan 2020 18:46:46 +0100] Error informativo:sale de aupdate_event.php
[Fri, 17 Jan 2020 18:47:15 +0100] Error informativo:entra aupdate_event.php
[Fri, 17 Jan 2020 18:47:15 +0100] Error informativo:sale de aupdate_event.php
[Fri, 17 Jan 2020 18:49:54 +0100] Error informativo:entra aupdate_event.php
[Fri, 17 Jan 2020 18:49:54 +0100] Error _SESSION:<br />- Enta a listar arreglo  _SESSION
[Fri, 17 Jan 2020 18:49:54 +0100] Error _SESSION:<br />- agendaID = 1
[Fri, 17 Jan 2020 18:49:54 +0100] Error _SESSION:<br />- agendaUser = boy001@gmail.com
[Fri, 17 Jan 2020 18:49:54 +0100] Error informativo:sale de aupdate_event.php
[Fri, 17 Jan 2020 18:50:28 +0100] Error informativo:entra aupdate_event.php
[Fri, 17 Jan 2020 18:50:28 +0100] Error _SESSION:<br />- Enta a listar arreglo  _SESSION
[Fri, 17 Jan 2020 18:50:28 +0100] Error _SESSION:<br />- agendaID = 1
[Fri, 17 Jan 2020 18:50:28 +0100] Error _SESSION:<br />- agendaUser = boy001@gmail.com
[Fri, 17 Jan 2020 18:50:28 +0100] Error informativo:sale de aupdate_event.php
[Fri, 17 Jan 2020 18:50:37 +0100] Error informativo:entra aupdate_event.php
[Fri, 17 Jan 2020 18:50:37 +0100] Error _SESSION:<br />- Enta a listar arreglo  _SESSION
[Fri, 17 Jan 2020 18:50:37 +0100] Error _SESSION:<br />- agendaID = 1
[Fri, 17 Jan 2020 18:50:37 +0100] Error _SESSION:<br />- agendaUser = boy001@gmail.com
[Fri, 17 Jan 2020 18:50:37 +0100] Error informativo:sale de aupdate_event.php
[Fri, 17 Jan 2020 18:51:44 +0100] Error informativo:entra aupdate_event.php
[Fri, 17 Jan 2020 18:51:44 +0100] Error _SESSION:<br />- Enta a listar arreglo  _SESSION
[Fri, 17 Jan 2020 18:51:44 +0100] Error _SESSION:<br />- agendaID = 1
[Fri, 17 Jan 2020 18:51:44 +0100] Error _SESSION:<br />- agendaUser = boy001@gmail.com
[Fri, 17 Jan 2020 18:51:44 +0100] Error informativo:sale de aupdate_event.php
[Fri, 17 Jan 2020 18:52:37 +0100] Error informativo:entra aupdate_event.php
[Fri, 17 Jan 2020 18:52:37 +0100] Error informativo:sale de aupdate_event.php
[Fri, 17 Jan 2020 18:53:10 +0100] Error informativo:entra aupdate_event.php
[Fri, 17 Jan 2020 18:53:10 +0100] Error informativo:sale de aupdate_event.php
[Fri, 17 Jan 2020 18:54:39 +0100] Error informativo:entra aupdate_event.php
[Fri, 17 Jan 2020 18:54:40 +0100] Error _SESSION:<br />- Enta a listar arreglo  _SESSION
[Fri, 17 Jan 2020 18:54:40 +0100] Error _SESSION:<br />- agendaID = 1
[Fri, 17 Jan 2020 18:54:40 +0100] Error _SESSION:<br />- agendaUser = boy001@gmail.com
[Fri, 17 Jan 2020 18:54:40 +0100] Error informativo:sale de aupdate_event.php
[Fri, 17 Jan 2020 18:56:58 +0100] Error informativo:entra aupdate_event.php
[Fri, 17 Jan 2020 18:56:58 +0100] Error informativo:sale de aupdate_event.php
[Fri, 17 Jan 2020 19:18:33 +0100] Error informativo:entra aupdate_event.php
[Fri, 17 Jan 2020 19:18:33 +0100] Error _SESSION:<br />- Enta a listar arreglo  _SESSION
[Fri, 17 Jan 2020 19:18:33 +0100] Error _SESSION:<br />- agendaID = 1
[Fri, 17 Jan 2020 19:18:33 +0100] Error _SESSION:<br />- agendaUser = boy001@gmail.com
[Fri, 17 Jan 2020 19:18:33 +0100] Error informativo:sale de aupdate_event.php
[Fri, 17 Jan 2020 19:18:56 +0100] Error informativo:entra aupdate_event.php
[Fri, 17 Jan 2020 19:18:56 +0100] Error informativo:sale de aupdate_event.php
[Fri, 17 Jan 2020 19:19:13 +0100] Error informativo:entra aupdate_event.php
[Fri, 17 Jan 2020 19:19:13 +0100] Error informativo:sale de aupdate_event.php
[Fri, 17 Jan 2020 19:38:37 +0100] Error informativo:entra aupdate_event.php
[Fri, 17 Jan 2020 19:38:37 +0100] Error informativo:sale de aupdate_event.php
[Fri, 17 Jan 2020 19:38:58 +0100] Error informativo:entra aupdate_event.php
[Fri, 17 Jan 2020 19:38:58 +0100] Error _SESSION:<br />- Enta a listar arreglo  _SESSION
[Fri, 17 Jan 2020 19:38:58 +0100] Error _SESSION:<br />- agendaID = 1
[Fri, 17 Jan 2020 19:38:58 +0100] Error _SESSION:<br />- agendaUser = boy001@gmail.com
[Fri, 17 Jan 2020 19:38:58 +0100] Error informativo:sale de aupdate_event.php
[Fri, 17 Jan 2020 19:39:29 +0100] Error informativo:entra aupdate_event.php
[Fri, 17 Jan 2020 19:39:29 +0100] Error _SESSION:<br />- Enta a listar arreglo  _SESSION
[Fri, 17 Jan 2020 19:39:29 +0100] Error _SESSION:<br />- agendaID = 1
[Fri, 17 Jan 2020 19:39:29 +0100] Error _SESSION:<br />- agendaUser = boy001@gmail.com
[Fri, 17 Jan 2020 19:39:29 +0100] Error informativo:sale de aupdate_event.php
[Fri, 17 Jan 2020 19:39:45 +0100] Error informativo:entra aupdate_event.php
[Fri, 17 Jan 2020 19:39:45 +0100] Error _SESSION:<br />- Enta a listar arreglo  _SESSION
[Fri, 17 Jan 2020 19:39:45 +0100] Error _SESSION:<br />- agendaID = 1
[Fri, 17 Jan 2020 19:39:45 +0100] Error _SESSION:<br />- agendaUser = boy001@gmail.com
[Fri, 17 Jan 2020 19:39:45 +0100] Error informativo:sale de aupdate_event.php
[Fri, 17 Jan 2020 19:44:01 +0100] Error informativo:entra aupdate_event.php
[Fri, 17 Jan 2020 19:44:01 +0100] Error informativo:sale de aupdate_event.php
